# JRE version: OpenJDK Runtime Environment (8.0_152-b06) (build 1.8.0_152-release-1136-b06)
# Java VM: OpenJDK 64-Bit Server VM (25.152-b06 mixed mode windows-amd64 compressed oops)
Heap:
 PSYoungGen      total 503296K, used 320750K [0x00000000e0000000, 0x00000000ffe00000, 0x0000000100000000)
  eden space 484352K, 65% used [0x00000000e0000000,0x00000000f337a710,0x00000000fd900000)
  from space 18944K, 31% used [0x00000000feb80000,0x00000000ff141340,0x00000000ffe00000)
  to   space 18944K, 0% used [0x00000000fd900000,0x00000000fd900000,0x00000000feb80000)
 ParOldGen       total 115200K, used 51466K [0x00000000a0000000, 0x00000000a7080000, 0x00000000e0000000)
  object space 115200K, 44% used [0x00000000a0000000,0x00000000a3242bc0,0x00000000a7080000)
 Metaspace       used 98754K, capacity 104984K, committed 105164K, reserved 1140736K
  class space    used 12086K, capacity 13128K, committed 13300K, reserved 1048576K
GC Heap History (10 events):
Event: 23479.058 GC heap before
{Heap before GC invocations=60 (full 4):
 PSYoungGen      total 497152K, used 480831K [0x00000000e0000000, 0x00000000ffe80000, 0x0000000100000000)
  eden space 472576K, 99% used [0x00000000e0000000,0x00000000fcd36010,0x00000000fcd80000)
  from space 24576K, 34% used [0x00000000fcd80000,0x00000000fd5d9c68,0x00000000fe580000)
  to   space 23040K, 0% used [0x00000000fe800000,0x00000000fe800000,0x00000000ffe80000)
 ParOldGen       total 115200K, used 51426K [0x00000000a0000000, 0x00000000a7080000, 0x00000000e0000000)
  object space 115200K, 44% used [0x00000000a0000000,0x00000000a3238bc0,0x00000000a7080000)
 Metaspace       used 97776K, capacity 103786K, committed 104012K, reserved 1140736K
  class space    used 11977K, capacity 12997K, committed 13172K, reserved 1048576K
Event: 23480.463 GC heap after
Heap after GC invocations=60 (full 4):
 PSYoungGen      total 497664K, used 7169K [0x00000000e0000000, 0x00000000ffc80000, 0x0000000100000000)
  eden space 476672K, 0% used [0x00000000e0000000,0x00000000e0000000,0x00000000fd180000)
  from space 20992K, 34% used [0x00000000fe800000,0x00000000fef006c8,0x00000000ffc80000)
  to   space 22016K, 0% used [0x00000000fd180000,0x00000000fd180000,0x00000000fe700000)
 ParOldGen       total 115200K, used 51434K [0x00000000a0000000, 0x00000000a7080000, 0x00000000e0000000)
  object space 115200K, 44% used [0x00000000a0000000,0x00000000a323abc0,0x00000000a7080000)
 Metaspace       used 97776K, capacity 103786K, committed 104012K, reserved 1140736K
  class space    used 11977K, capacity 12997K, committed 13172K, reserved 1048576K
}
Event: 23630.303 GC heap before
{Heap before GC invocations=61 (full 4):
 PSYoungGen      total 497664K, used 483240K [0x00000000e0000000, 0x00000000ffc80000, 0x0000000100000000)
  eden space 476672K, 99% used [0x00000000e0000000,0x00000000fd0e9c88,0x00000000fd180000)
  from space 20992K, 34% used [0x00000000fe800000,0x00000000fef006c8,0x00000000ffc80000)
  to   space 22016K, 0% used [0x00000000fd180000,0x00000000fd180000,0x00000000fe700000)
 ParOldGen       total 115200K, used 51434K [0x00000000a0000000, 0x00000000a7080000, 0x00000000e0000000)
  object space 115200K, 44% used [0x00000000a0000000,0x00000000a323abc0,0x00000000a7080000)
 Metaspace       used 97940K, capacity 104002K, committed 104268K, reserved 1140736K
  class space    used 11979K, capacity 12999K, committed 13172K, reserved 1048576K
Event: 23630.379 GC heap after
Heap after GC invocations=61 (full 4):
 PSYoungGen      total 498688K, used 7538K [0x00000000e0000000, 0x00000000fff00000, 0x0000000100000000)
  eden space 476672K, 0% used [0x00000000e0000000,0x00000000e0000000,0x00000000fd180000)
  from space 22016K, 34% used [0x00000000fd180000,0x00000000fd8dcb88,0x00000000fe700000)
  to   space 20992K, 0% used [0x00000000fea80000,0x00000000fea80000,0x00000000fff00000)
 ParOldGen       total 115200K, used 51442K [0x00000000a0000000, 0x00000000a7080000, 0x00000000e0000000)
  object space 115200K, 44% used [0x00000000a0000000,0x00000000a323cbc0,0x00000000a7080000)
 Metaspace       used 97940K, capacity 104002K, committed 104268K, reserved 1140736K
  class space    used 11979K, capacity 12999K, committed 13172K, reserved 1048576K
}
Event: 23686.092 GC heap before
{Heap before GC invocations=62 (full 4):
 PSYoungGen      total 498688K, used 484170K [0x00000000e0000000, 0x00000000fff00000, 0x0000000100000000)
  eden space 476672K, 99% used [0x00000000e0000000,0x00000000fd175ff0,0x00000000fd180000)
  from space 22016K, 34% used [0x00000000fd180000,0x00000000fd8dcb88,0x00000000fe700000)
  to   space 20992K, 0% used [0x00000000fea80000,0x00000000fea80000,0x00000000fff00000)
 ParOldGen       total 115200K, used 51442K [0x00000000a0000000, 0x00000000a7080000, 0x00000000e0000000)
  object space 115200K, 44% used [0x00000000a0000000,0x00000000a323cbc0,0x00000000a7080000)
 Metaspace       used 97994K, capacity 104010K, committed 104268K, reserved 1140736K
  class space    used 11979K, capacity 12999K, committed 13172K, reserved 1048576K
Event: 23686.105 GC heap after
Heap after GC invocations=62 (full 4):
 PSYoungGen      total 501248K, used 6848K [0x00000000e0000000, 0x00000000ffe00000, 0x0000000100000000)
  eden space 481280K, 0% used [0x00000000e0000000,0x00000000e0000000,0x00000000fd600000)
  from space 19968K, 34% used [0x00000000fea80000,0x00000000ff130188,0x00000000ffe00000)
  to   space 20480K, 0% used [0x00000000fd600000,0x00000000fd600000,0x00000000fea00000)
 ParOldGen       total 115200K, used 51450K [0x00000000a0000000, 0x00000000a7080000, 0x00000000e0000000)
  object space 115200K, 44% used [0x00000000a0000000,0x00000000a323ebc0,0x00000000a7080000)
 Metaspace       used 97994K, capacity 104010K, committed 104268K, reserved 1140736K
  class space    used 11979K, capacity 12999K, committed 13172K, reserved 1048576K
}
Event: 24026.180 GC heap before
{Heap before GC invocations=63 (full 4):
 PSYoungGen      total 501248K, used 487496K [0x00000000e0000000, 0x00000000ffe00000, 0x0000000100000000)
  eden space 481280K, 99% used [0x00000000e0000000,0x00000000fd562088,0x00000000fd600000)
  from space 19968K, 34% used [0x00000000fea80000,0x00000000ff130188,0x00000000ffe00000)
  to   space 20480K, 0% used [0x00000000fd600000,0x00000000fd600000,0x00000000fea00000)
 ParOldGen       total 115200K, used 51450K [0x00000000a0000000, 0x00000000a7080000, 0x00000000e0000000)
  object space 115200K, 44% used [0x00000000a0000000,0x00000000a323ebc0,0x00000000a7080000)
 Metaspace       used 98697K, capacity 104856K, committed 105164K, reserved 1140736K
  class space    used 12085K, capacity 13128K, committed 13300K, reserved 1048576K
Event: 24026.306 GC heap after
Heap after GC invocations=63 (full 4):
 PSYoungGen      total 501760K, used 7410K [0x00000000e0000000, 0x00000000ffe80000, 0x0000000100000000)
  eden space 481280K, 0% used [0x00000000e0000000,0x00000000e0000000,0x00000000fd600000)
  from space 20480K, 36% used [0x00000000fd600000,0x00000000fdd3ca30,0x00000000fea00000)
  to   space 19456K, 0% used [0x00000000feb80000,0x00000000feb80000,0x00000000ffe80000)
 ParOldGen       total 115200K, used 51458K [0x00000000a0000000, 0x00000000a7080000, 0x00000000e0000000)
  object space 115200K, 44% used [0x00000000a0000000,0x00000000a3240bc0,0x00000000a7080000)
 Metaspace       used 98697K, capacity 104856K, committed 105164K, reserved 1140736K
  class space    used 12085K, capacity 13128K, committed 13300K, reserved 1048576K
}
Event: 24350.615 GC heap before
{Heap before GC invocations=64 (full 4):
 PSYoungGen      total 501760K, used 488690K [0x00000000e0000000, 0x00000000ffe80000, 0x0000000100000000)
  eden space 481280K, 100% used [0x00000000e0000000,0x00000000fd600000,0x00000000fd600000)
  from space 20480K, 36% used [0x00000000fd600000,0x00000000fdd3ca30,0x00000000fea00000)
  to   space 19456K, 0% used [0x00000000feb80000,0x00000000feb80000,0x00000000ffe80000)
 ParOldGen       total 115200K, used 51458K [0x00000000a0000000, 0x00000000a7080000, 0x00000000e0000000)
  object space 115200K, 44% used [0x00000000a0000000,0x00000000a3240bc0,0x00000000a7080000)
 Metaspace       used 98740K, capacity 104984K, committed 105164K, reserved 1140736K
  class space    used 12086K, capacity 13128K, committed 13300K, reserved 1048576K
Event: 24350.627 GC heap after
Heap after GC invocations=64 (full 4):
 PSYoungGen      total 503296K, used 5892K [0x00000000e0000000, 0x00000000ffe00000, 0x0000000100000000)
  eden space 484352K, 0% used [0x00000000e0000000,0x00000000e0000000,0x00000000fd900000)
  from space 18944K, 31% used [0x00000000feb80000,0x00000000ff141340,0x00000000ffe00000)
  to   space 18944K, 0% used [0x00000000fd900000,0x00000000fd900000,0x00000000feb80000)
 ParOldGen       total 115200K, used 51466K [0x00000000a0000000, 0x00000000a7080000, 0x00000000e0000000)
  object space 115200K, 44% used [0x00000000a0000000,0x00000000a3242bc0,0x00000000a7080000)
 Metaspace       used 98740K, capacity 104984K, committed 105164K, reserved 1140736K
  class space    used 12086K, capacity 13128K, committed 13300K, reserved 1048576K
}

