# JRE version: OpenJDK Runtime Environment (8.0_152-b06) (build 1.8.0_152-release-1136-b06)
# Java VM: OpenJDK 64-Bit Server VM (25.152-b06 mixed mode windows-amd64 compressed oops)
Heap:
 PSYoungGen      total 248320K, used 223427K [0x00000000e0000000, 0x00000000f4400000, 0x0000000100000000)
  eden space 185344K, 100% used [0x00000000e0000000,0x00000000eb500000,0x00000000eb500000)
  from space 62976K, 60% used [0x00000000f0680000,0x00000000f2bb0e50,0x00000000f4400000)
  to   space 73216K, 47% used [0x00000000eb500000,0x00000000ed6efbe0,0x00000000efc80000)
 ParOldGen       total 156672K, used 61469K [0x00000000a0000000, 0x00000000a9900000, 0x00000000e0000000)
  object space 156672K, 39% used [0x00000000a0000000,0x00000000a3c07598,0x00000000a9900000)
 Metaspace       used 93953K, capacity 99572K, committed 99928K, reserved 1136640K
  class space    used 11751K, capacity 12810K, committed 12928K, reserved 1048576K
GC Heap History (10 events):
Event: 2444.199 GC heap after
Heap after GC invocations=32 (full 4):
 PSYoungGen      total 275456K, used 61279K [0x00000000e0000000, 0x00000000f6300000, 0x0000000100000000)
  eden space 214016K, 0% used [0x00000000e0000000,0x00000000e0000000,0x00000000ed100000)
  from space 61440K, 99% used [0x00000000f2700000,0x00000000f62d7f40,0x00000000f6300000)
  to   space 70656K, 0% used [0x00000000ed900000,0x00000000ed900000,0x00000000f1e00000)
 ParOldGen       total 156672K, used 61445K [0x00000000a0000000, 0x00000000a9900000, 0x00000000e0000000)
  object space 156672K, 39% used [0x00000000a0000000,0x00000000a3c01598,0x00000000a9900000)
 Metaspace       used 92494K, capacity 96934K, committed 97240K, reserved 1134592K
  class space    used 11563K, capacity 12433K, committed 12544K, reserved 1048576K
}
Event: 2478.268 GC heap before
{Heap before GC invocations=33 (full 4):
 PSYoungGen      total 275456K, used 275295K [0x00000000e0000000, 0x00000000f6300000, 0x0000000100000000)
  eden space 214016K, 100% used [0x00000000e0000000,0x00000000ed100000,0x00000000ed100000)
  from space 61440K, 99% used [0x00000000f2700000,0x00000000f62d7f40,0x00000000f6300000)
  to   space 70656K, 0% used [0x00000000ed900000,0x00000000ed900000,0x00000000f1e00000)
 ParOldGen       total 156672K, used 61445K [0x00000000a0000000, 0x00000000a9900000, 0x00000000e0000000)
  object space 156672K, 39% used [0x00000000a0000000,0x00000000a3c01598,0x00000000a9900000)
 Metaspace       used 92644K, capacity 97108K, committed 97240K, reserved 1134592K
  class space    used 11566K, capacity 12440K, committed 12544K, reserved 1048576K
Event: 2478.340 GC heap after
Heap after GC invocations=33 (full 4):
 PSYoungGen      total 267264K, used 60438K [0x00000000e0000000, 0x00000000f6080000, 0x0000000100000000)
  eden space 206336K, 0% used [0x00000000e0000000,0x00000000e0000000,0x00000000ec980000)
  from space 60928K, 99% used [0x00000000ed900000,0x00000000f14059f0,0x00000000f1480000)
  to   space 77312K, 0% used [0x00000000f1500000,0x00000000f1500000,0x00000000f6080000)
 ParOldGen       total 156672K, used 61453K [0x00000000a0000000, 0x00000000a9900000, 0x00000000e0000000)
  object space 156672K, 39% used [0x00000000a0000000,0x00000000a3c03598,0x00000000a9900000)
 Metaspace       used 92644K, capacity 97108K, committed 97240K, reserved 1134592K
  class space    used 11566K, capacity 12440K, committed 12544K, reserved 1048576K
}
Event: 2557.790 GC heap before
{Heap before GC invocations=34 (full 4):
 PSYoungGen      total 267264K, used 266774K [0x00000000e0000000, 0x00000000f6080000, 0x0000000100000000)
  eden space 206336K, 100% used [0x00000000e0000000,0x00000000ec980000,0x00000000ec980000)
  from space 60928K, 99% used [0x00000000ed900000,0x00000000f14059f0,0x00000000f1480000)
  to   space 77312K, 0% used [0x00000000f1500000,0x00000000f1500000,0x00000000f6080000)
 ParOldGen       total 156672K, used 61453K [0x00000000a0000000, 0x00000000a9900000, 0x00000000e0000000)
  object space 156672K, 39% used [0x00000000a0000000,0x00000000a3c03598,0x00000000a9900000)
 Metaspace       used 93494K, capacity 98926K, committed 99032K, reserved 1136640K
  class space    used 11712K, capacity 12711K, committed 12800K, reserved 1048576K
Event: 2557.848 GC heap after
Heap after GC invocations=34 (full 4):
 PSYoungGen      total 274432K, used 52952K [0x00000000e0000000, 0x00000000f5e80000, 0x0000000100000000)
  eden space 199168K, 0% used [0x00000000e0000000,0x00000000e0000000,0x00000000ec280000)
  from space 75264K, 70% used [0x00000000f1500000,0x00000000f48b62d0,0x00000000f5e80000)
  to   space 79872K, 0% used [0x00000000ec280000,0x00000000ec280000,0x00000000f1080000)
 ParOldGen       total 156672K, used 61453K [0x00000000a0000000, 0x00000000a9900000, 0x00000000e0000000)
  object space 156672K, 39% used [0x00000000a0000000,0x00000000a3c03598,0x00000000a9900000)
 Metaspace       used 93494K, capacity 98926K, committed 99032K, reserved 1136640K
  class space    used 11712K, capacity 12711K, committed 12800K, reserved 1048576K
}
Event: 2598.123 GC heap before
{Heap before GC invocations=35 (full 4):
 PSYoungGen      total 274432K, used 252075K [0x00000000e0000000, 0x00000000f5e80000, 0x0000000100000000)
  eden space 199168K, 99% used [0x00000000e0000000,0x00000000ec2749d0,0x00000000ec280000)
  from space 75264K, 70% used [0x00000000f1500000,0x00000000f48b62d0,0x00000000f5e80000)
  to   space 79872K, 0% used [0x00000000ec280000,0x00000000ec280000,0x00000000f1080000)
 ParOldGen       total 156672K, used 61453K [0x00000000a0000000, 0x00000000a9900000, 0x00000000e0000000)
  object space 156672K, 39% used [0x00000000a0000000,0x00000000a3c03598,0x00000000a9900000)
 Metaspace       used 93768K, capacity 99352K, committed 99544K, reserved 1136640K
  class space    used 11745K, capacity 12770K, committed 12800K, reserved 1048576K
Event: 2598.234 GC heap after
Heap after GC invocations=35 (full 4):
 PSYoungGen      total 231936K, used 39463K [0x00000000e0000000, 0x00000000f5180000, 0x0000000100000000)
  eden space 192000K, 0% used [0x00000000e0000000,0x00000000e0000000,0x00000000ebb80000)
  from space 39936K, 98% used [0x00000000ec280000,0x00000000ee909ef0,0x00000000ee980000)
  to   space 76800K, 0% used [0x00000000f0680000,0x00000000f0680000,0x00000000f5180000)
 ParOldGen       total 156672K, used 61461K [0x00000000a0000000, 0x00000000a9900000, 0x00000000e0000000)
  object space 156672K, 39% used [0x00000000a0000000,0x00000000a3c05598,0x00000000a9900000)
 Metaspace       used 93768K, capacity 99352K, committed 99544K, reserved 1136640K
  class space    used 11745K, capacity 12770K, committed 12800K, reserved 1048576K
}
Event: 3434.946 GC heap before
{Heap before GC invocations=36 (full 4):
 PSYoungGen      total 231936K, used 231463K [0x00000000e0000000, 0x00000000f5180000, 0x0000000100000000)
  eden space 192000K, 100% used [0x00000000e0000000,0x00000000ebb80000,0x00000000ebb80000)
  from space 39936K, 98% used [0x00000000ec280000,0x00000000ee909ef0,0x00000000ee980000)
  to   space 76800K, 0% used [0x00000000f0680000,0x00000000f0680000,0x00000000f5180000)
 ParOldGen       total 156672K, used 61461K [0x00000000a0000000, 0x00000000a9900000, 0x00000000e0000000)
  object space 156672K, 39% used [0x00000000a0000000,0x00000000a3c05598,0x00000000a9900000)
 Metaspace       used 93889K, capacity 99564K, committed 99928K, reserved 1136640K
  class space    used 11751K, capacity 12810K, committed 12928K, reserved 1048576K
Event: 3434.993 GC heap after
Heap after GC invocations=36 (full 4):
 PSYoungGen      total 248320K, used 38083K [0x00000000e0000000, 0x00000000f4400000, 0x0000000100000000)
  eden space 185344K, 0% used [0x00000000e0000000,0x00000000e0000000,0x00000000eb500000)
  from space 62976K, 60% used [0x00000000f0680000,0x00000000f2bb0e50,0x00000000f4400000)
  to   space 73216K, 0% used [0x00000000eb500000,0x00000000eb500000,0x00000000efc80000)
 ParOldGen       total 156672K, used 61461K [0x00000000a0000000, 0x00000000a9900000, 0x00000000e0000000)
  object space 156672K, 39% used [0x00000000a0000000,0x00000000a3c05598,0x00000000a9900000)
 Metaspace       used 93889K, capacity 99564K, committed 99928K, reserved 1136640K
  class space    used 11751K, capacity 12810K, committed 12928K, reserved 1048576K
}
Event: 3437.466 GC heap before
{Heap before GC invocations=37 (full 4):
 PSYoungGen      total 248320K, used 223427K [0x00000000e0000000, 0x00000000f4400000, 0x0000000100000000)
  eden space 185344K, 100% used [0x00000000e0000000,0x00000000eb500000,0x00000000eb500000)
  from space 62976K, 60% used [0x00000000f0680000,0x00000000f2bb0e50,0x00000000f4400000)
  to   space 73216K, 0% used [0x00000000eb500000,0x00000000eb500000,0x00000000efc80000)
 ParOldGen       total 156672K, used 61461K [0x00000000a0000000, 0x00000000a9900000, 0x00000000e0000000)
  object space 156672K, 39% used [0x00000000a0000000,0x00000000a3c05598,0x00000000a9900000)
 Metaspace       used 93953K, capacity 99572K, committed 99928K, reserved 1136640K
  class space    used 11751K, capacity 12810K, committed 12928K, reserved 1048576K

