# JRE version: OpenJDK Runtime Environment (8.0_152-b06) (build 1.8.0_152-release-1136-b06)
# Java VM: OpenJDK 64-Bit Server VM (25.152-b06 mixed mode windows-amd64 compressed oops)
Heap:
 PSYoungGen      total 211456K, used 205422K [0x00000000e0000000, 0x00000000f0680000, 0x0000000100000000)
  eden space 193024K, 99% used [0x00000000e0000000,0x00000000ebc604a8,0x00000000ebc80000)
  from space 18432K, 67% used [0x00000000ebc80000,0x00000000ec8bb360,0x00000000ece80000)
  to   space 18944K, 47% used [0x00000000ef400000,0x00000000efcc9cd0,0x00000000f0680000)
 ParOldGen       total 99328K, used 40401K [0x00000000a0000000, 0x00000000a6100000, 0x00000000e0000000)
  object space 99328K, 40% used [0x00000000a0000000,0x00000000a27745e8,0x00000000a6100000)
 Metaspace       used 64134K, capacity 66279K, committed 66520K, reserved 1107968K
  class space    used 8464K, capacity 8941K, committed 8960K, reserved 1048576K
GC Heap History (10 events):
Event: 21.756 GC heap after
Heap after GC invocations=14 (full 2):
 PSYoungGen      total 176640K, used 15856K [0x00000000e0000000, 0x00000000ec400000, 0x0000000100000000)
  eden space 160768K, 0% used [0x00000000e0000000,0x00000000e0000000,0x00000000e9d00000)
  from space 15872K, 99% used [0x00000000eaf80000,0x00000000ebefc240,0x00000000ebf00000)
  to   space 18944K, 0% used [0x00000000e9d00000,0x00000000e9d00000,0x00000000eaf80000)
 ParOldGen       total 61440K, used 34499K [0x00000000a0000000, 0x00000000a3c00000, 0x00000000e0000000)
  object space 61440K, 56% used [0x00000000a0000000,0x00000000a21b0ce8,0x00000000a3c00000)
 Metaspace       used 57371K, capacity 59011K, committed 59028K, reserved 1099776K
  class space    used 7770K, capacity 8175K, committed 8192K, reserved 1048576K
}
Event: 21.756 GC heap before
{Heap before GC invocations=15 (full 3):
 PSYoungGen      total 176640K, used 15856K [0x00000000e0000000, 0x00000000ec400000, 0x0000000100000000)
  eden space 160768K, 0% used [0x00000000e0000000,0x00000000e0000000,0x00000000e9d00000)
  from space 15872K, 99% used [0x00000000eaf80000,0x00000000ebefc240,0x00000000ebf00000)
  to   space 18944K, 0% used [0x00000000e9d00000,0x00000000e9d00000,0x00000000eaf80000)
 ParOldGen       total 61440K, used 34499K [0x00000000a0000000, 0x00000000a3c00000, 0x00000000e0000000)
  object space 61440K, 56% used [0x00000000a0000000,0x00000000a21b0ce8,0x00000000a3c00000)
 Metaspace       used 57371K, capacity 59011K, committed 59028K, reserved 1099776K
  class space    used 7770K, capacity 8175K, committed 8192K, reserved 1048576K
Event: 22.023 GC heap after
Heap after GC invocations=15 (full 3):
 PSYoungGen      total 176640K, used 0K [0x00000000e0000000, 0x00000000ec400000, 0x0000000100000000)
  eden space 160768K, 0% used [0x00000000e0000000,0x00000000e0000000,0x00000000e9d00000)
  from space 15872K, 0% used [0x00000000eaf80000,0x00000000eaf80000,0x00000000ebf00000)
  to   space 18944K, 0% used [0x00000000e9d00000,0x00000000e9d00000,0x00000000eaf80000)
 ParOldGen       total 99328K, used 40369K [0x00000000a0000000, 0x00000000a6100000, 0x00000000e0000000)
  object space 99328K, 40% used [0x00000000a0000000,0x00000000a276c5e8,0x00000000a6100000)
 Metaspace       used 57371K, capacity 59011K, committed 59028K, reserved 1099776K
  class space    used 7770K, capacity 8175K, committed 8192K, reserved 1048576K
}
Event: 26.019 GC heap before
{Heap before GC invocations=16 (full 3):
 PSYoungGen      total 176640K, used 160067K [0x00000000e0000000, 0x00000000ec400000, 0x0000000100000000)
  eden space 160768K, 99% used [0x00000000e0000000,0x00000000e9c50c70,0x00000000e9d00000)
  from space 15872K, 0% used [0x00000000eaf80000,0x00000000eaf80000,0x00000000ebf00000)
  to   space 18944K, 0% used [0x00000000e9d00000,0x00000000e9d00000,0x00000000eaf80000)
 ParOldGen       total 99328K, used 40369K [0x00000000a0000000, 0x00000000a6100000, 0x00000000e0000000)
  object space 99328K, 40% used [0x00000000a0000000,0x00000000a276c5e8,0x00000000a6100000)
 Metaspace       used 59711K, capacity 61597K, committed 61784K, reserved 1101824K
  class space    used 8052K, capacity 8494K, committed 8576K, reserved 1048576K
Event: 26.032 GC heap after
Heap after GC invocations=16 (full 3):
 PSYoungGen      total 179712K, used 5322K [0x00000000e0000000, 0x00000000ee080000, 0x0000000100000000)
  eden space 160768K, 0% used [0x00000000e0000000,0x00000000e0000000,0x00000000e9d00000)
  from space 18944K, 28% used [0x00000000e9d00000,0x00000000ea232980,0x00000000eaf80000)
  to   space 18432K, 0% used [0x00000000ece80000,0x00000000ece80000,0x00000000ee080000)
 ParOldGen       total 99328K, used 40377K [0x00000000a0000000, 0x00000000a6100000, 0x00000000e0000000)
  object space 99328K, 40% used [0x00000000a0000000,0x00000000a276e5e8,0x00000000a6100000)
 Metaspace       used 59711K, capacity 61597K, committed 61784K, reserved 1101824K
  class space    used 8052K, capacity 8494K, committed 8576K, reserved 1048576K
}
Event: 26.457 GC heap before
{Heap before GC invocations=17 (full 3):
 PSYoungGen      total 179712K, used 166090K [0x00000000e0000000, 0x00000000ee080000, 0x0000000100000000)
  eden space 160768K, 100% used [0x00000000e0000000,0x00000000e9d00000,0x00000000e9d00000)
  from space 18944K, 28% used [0x00000000e9d00000,0x00000000ea232980,0x00000000eaf80000)
  to   space 18432K, 0% used [0x00000000ece80000,0x00000000ece80000,0x00000000ee080000)
 ParOldGen       total 99328K, used 40377K [0x00000000a0000000, 0x00000000a6100000, 0x00000000e0000000)
  object space 99328K, 40% used [0x00000000a0000000,0x00000000a276e5e8,0x00000000a6100000)
 Metaspace       used 59839K, capacity 61689K, committed 61784K, reserved 1101824K
  class space    used 8070K, capacity 8500K, committed 8576K, reserved 1048576K
Event: 26.466 GC heap after
Heap after GC invocations=17 (full 3):
 PSYoungGen      total 211456K, used 2756K [0x00000000e0000000, 0x00000000ee600000, 0x0000000100000000)
  eden space 193024K, 0% used [0x00000000e0000000,0x00000000e0000000,0x00000000ebc80000)
  from space 18432K, 14% used [0x00000000ece80000,0x00000000ed1310b0,0x00000000ee080000)
  to   space 18432K, 0% used [0x00000000ebc80000,0x00000000ebc80000,0x00000000ece80000)
 ParOldGen       total 99328K, used 40385K [0x00000000a0000000, 0x00000000a6100000, 0x00000000e0000000)
  object space 99328K, 40% used [0x00000000a0000000,0x00000000a27705e8,0x00000000a6100000)
 Metaspace       used 59839K, capacity 61689K, committed 61784K, reserved 1101824K
  class space    used 8070K, capacity 8500K, committed 8576K, reserved 1048576K
}
Event: 80.370 GC heap before
{Heap before GC invocations=18 (full 3):
 PSYoungGen      total 211456K, used 194984K [0x00000000e0000000, 0x00000000ee600000, 0x0000000100000000)
  eden space 193024K, 99% used [0x00000000e0000000,0x00000000ebbb8fa0,0x00000000ebc80000)
  from space 18432K, 14% used [0x00000000ece80000,0x00000000ed1310b0,0x00000000ee080000)
  to   space 18432K, 0% used [0x00000000ebc80000,0x00000000ebc80000,0x00000000ece80000)
 ParOldGen       total 99328K, used 40385K [0x00000000a0000000, 0x00000000a6100000, 0x00000000e0000000)
  object space 99328K, 40% used [0x00000000a0000000,0x00000000a27705e8,0x00000000a6100000)
 Metaspace       used 64129K, capacity 66279K, committed 66520K, reserved 1107968K
  class space    used 8464K, capacity 8941K, committed 8960K, reserved 1048576K
Event: 80.386 GC heap after
Heap after GC invocations=18 (full 3):
 PSYoungGen      total 211456K, used 12524K [0x00000000e0000000, 0x00000000f0680000, 0x0000000100000000)
  eden space 193024K, 0% used [0x00000000e0000000,0x00000000e0000000,0x00000000ebc80000)
  from space 18432K, 67% used [0x00000000ebc80000,0x00000000ec8bb360,0x00000000ece80000)
  to   space 18944K, 0% used [0x00000000ef400000,0x00000000ef400000,0x00000000f0680000)
 ParOldGen       total 99328K, used 40393K [0x00000000a0000000, 0x00000000a6100000, 0x00000000e0000000)
  object space 99328K, 40% used [0x00000000a0000000,0x00000000a27725e8,0x00000000a6100000)
 Metaspace       used 64129K, capacity 66279K, committed 66520K, reserved 1107968K
  class space    used 8464K, capacity 8941K, committed 8960K, reserved 1048576K
}
Event: 80.420 GC heap before
{Heap before GC invocations=19 (full 3):
 PSYoungGen      total 211456K, used 205422K [0x00000000e0000000, 0x00000000f0680000, 0x0000000100000000)
  eden space 193024K, 99% used [0x00000000e0000000,0x00000000ebc604a8,0x00000000ebc80000)
  from space 18432K, 67% used [0x00000000ebc80000,0x00000000ec8bb360,0x00000000ece80000)
  to   space 18944K, 0% used [0x00000000ef400000,0x00000000ef400000,0x00000000f0680000)
 ParOldGen       total 99328K, used 40393K [0x00000000a0000000, 0x00000000a6100000, 0x00000000e0000000)
  object space 99328K, 40% used [0x00000000a0000000,0x00000000a27725e8,0x00000000a6100000)
 Metaspace       used 64134K, capacity 66279K, committed 66520K, reserved 1107968K
  class space    used 8464K, capacity 8941K, committed 8960K, reserved 1048576K

