# JRE version: OpenJDK Runtime Environment (8.0_152-b06) (build 1.8.0_152-release-1136-b06)
# Java VM: OpenJDK 64-Bit Server VM (25.152-b06 mixed mode windows-amd64 compressed oops)
Heap:
 PSYoungGen      total 143872K, used 3410K [0x00000000e0000000, 0x00000000eba80000, 0x0000000100000000)
  eden space 127488K, 2% used [0x00000000e0000000,0x00000000e03548f0,0x00000000e7c80000)
  from space 16384K, 0% used [0x00000000e7c80000,0x00000000e7c80000,0x00000000e8c80000)
  to   space 16384K, 0% used [0x00000000eaa80000,0x00000000eaa80000,0x00000000eba80000)
 ParOldGen       total 100352K, used 41100K [0x00000000a0000000, 0x00000000a6200000, 0x00000000e0000000)
  object space 100352K, 40% used [0x00000000a0000000,0x00000000a2823200,0x00000000a6200000)
 Metaspace       used 57512K, capacity 59232K, committed 59360K, reserved 1099776K
  class space    used 7783K, capacity 8195K, committed 8268K, reserved 1048576K
GC Heap History (10 events):
Event: 15.606 GC heap before
{Heap before GC invocations=16 (full 2):
 PSYoungGen      total 99328K, used 99300K [0x00000000e0000000, 0x00000000e7f80000, 0x0000000100000000)
  eden space 92160K, 100% used [0x00000000e0000000,0x00000000e5a00000,0x00000000e5a00000)
  from space 7168K, 99% used [0x00000000e5a00000,0x00000000e60f9330,0x00000000e6100000)
  to   space 9728K, 0% used [0x00000000e7600000,0x00000000e7600000,0x00000000e7f80000)
 ParOldGen       total 57856K, used 20552K [0x00000000a0000000, 0x00000000a3880000, 0x00000000e0000000)
  object space 57856K, 35% used [0x00000000a0000000,0x00000000a14121b0,0x00000000a3880000)
 Metaspace       used 49416K, capacity 50464K, committed 50648K, reserved 1093632K
  class space    used 6602K, capacity 6903K, committed 6912K, reserved 1048576K
Event: 15.640 GC heap after
Heap after GC invocations=16 (full 2):
 PSYoungGen      total 117248K, used 9720K [0x00000000e0000000, 0x00000000e8700000, 0x0000000100000000)
  eden space 107520K, 0% used [0x00000000e0000000,0x00000000e0000000,0x00000000e6900000)
  from space 9728K, 99% used [0x00000000e7600000,0x00000000e7f7e158,0x00000000e7f80000)
  to   space 13312K, 0% used [0x00000000e6900000,0x00000000e6900000,0x00000000e7600000)
 ParOldGen       total 57856K, used 27009K [0x00000000a0000000, 0x00000000a3880000, 0x00000000e0000000)
  object space 57856K, 46% used [0x00000000a0000000,0x00000000a1a605d0,0x00000000a3880000)
 Metaspace       used 49416K, capacity 50464K, committed 50648K, reserved 1093632K
  class space    used 6602K, capacity 6903K, committed 6912K, reserved 1048576K
}
Event: 18.473 GC heap before
{Heap before GC invocations=17 (full 2):
 PSYoungGen      total 117248K, used 117240K [0x00000000e0000000, 0x00000000e8700000, 0x0000000100000000)
  eden space 107520K, 100% used [0x00000000e0000000,0x00000000e6900000,0x00000000e6900000)
  from space 9728K, 99% used [0x00000000e7600000,0x00000000e7f7e158,0x00000000e7f80000)
  to   space 13312K, 0% used [0x00000000e6900000,0x00000000e6900000,0x00000000e7600000)
 ParOldGen       total 57856K, used 27009K [0x00000000a0000000, 0x00000000a3880000, 0x00000000e0000000)
  object space 57856K, 46% used [0x00000000a0000000,0x00000000a1a605d0,0x00000000a3880000)
 Metaspace       used 55716K, capacity 57326K, committed 57432K, reserved 1099776K
  class space    used 7555K, capacity 7968K, committed 8064K, reserved 1048576K
Event: 18.502 GC heap after
Heap after GC invocations=17 (full 2):
 PSYoungGen      total 120832K, used 11326K [0x00000000e0000000, 0x00000000e9a80000, 0x0000000100000000)
  eden space 107520K, 0% used [0x00000000e0000000,0x00000000e0000000,0x00000000e6900000)
  from space 13312K, 85% used [0x00000000e6900000,0x00000000e740fa10,0x00000000e7600000)
  to   space 14336K, 0% used [0x00000000e8c80000,0x00000000e8c80000,0x00000000e9a80000)
 ParOldGen       total 57856K, used 32025K [0x00000000a0000000, 0x00000000a3880000, 0x00000000e0000000)
  object space 57856K, 55% used [0x00000000a0000000,0x00000000a1f46470,0x00000000a3880000)
 Metaspace       used 55716K, capacity 57326K, committed 57432K, reserved 1099776K
  class space    used 7555K, capacity 7968K, committed 8064K, reserved 1048576K
}
Event: 19.732 GC heap before
{Heap before GC invocations=18 (full 2):
 PSYoungGen      total 120832K, used 71350K [0x00000000e0000000, 0x00000000e9a80000, 0x0000000100000000)
  eden space 107520K, 55% used [0x00000000e0000000,0x00000000e3a9e190,0x00000000e6900000)
  from space 13312K, 85% used [0x00000000e6900000,0x00000000e740fa10,0x00000000e7600000)
  to   space 14336K, 0% used [0x00000000e8c80000,0x00000000e8c80000,0x00000000e9a80000)
 ParOldGen       total 57856K, used 32025K [0x00000000a0000000, 0x00000000a3880000, 0x00000000e0000000)
  object space 57856K, 55% used [0x00000000a0000000,0x00000000a1f46470,0x00000000a3880000)
 Metaspace       used 57324K, capacity 59046K, committed 59284K, reserved 1099776K
  class space    used 7767K, capacity 8186K, committed 8192K, reserved 1048576K
Event: 19.748 GC heap after
Heap after GC invocations=18 (full 2):
 PSYoungGen      total 141824K, used 14321K [0x00000000e0000000, 0x00000000e9f00000, 0x0000000100000000)
  eden space 127488K, 0% used [0x00000000e0000000,0x00000000e0000000,0x00000000e7c80000)
  from space 14336K, 99% used [0x00000000e8c80000,0x00000000e9a7c6e8,0x00000000e9a80000)
  to   space 16384K, 0% used [0x00000000e7c80000,0x00000000e7c80000,0x00000000e8c80000)
 ParOldGen       total 57856K, used 32451K [0x00000000a0000000, 0x00000000a3880000, 0x00000000e0000000)
  object space 57856K, 56% used [0x00000000a0000000,0x00000000a1fb0d08,0x00000000a3880000)
 Metaspace       used 57324K, capacity 59046K, committed 59284K, reserved 1099776K
  class space    used 7767K, capacity 8186K, committed 8192K, reserved 1048576K
}
Event: 19.932 GC heap before
{Heap before GC invocations=19 (full 2):
 PSYoungGen      total 141824K, used 39889K [0x00000000e0000000, 0x00000000e9f00000, 0x0000000100000000)
  eden space 127488K, 20% used [0x00000000e0000000,0x00000000e18f7da8,0x00000000e7c80000)
  from space 14336K, 99% used [0x00000000e8c80000,0x00000000e9a7c6e8,0x00000000e9a80000)
  to   space 16384K, 0% used [0x00000000e7c80000,0x00000000e7c80000,0x00000000e8c80000)
 ParOldGen       total 57856K, used 32451K [0x00000000a0000000, 0x00000000a3880000, 0x00000000e0000000)
  object space 57856K, 56% used [0x00000000a0000000,0x00000000a1fb0d08,0x00000000a3880000)
 Metaspace       used 57512K, capacity 59232K, committed 59360K, reserved 1099776K
  class space    used 7783K, capacity 8195K, committed 8268K, reserved 1048576K
Event: 19.950 GC heap after
Heap after GC invocations=19 (full 2):
 PSYoungGen      total 143872K, used 3393K [0x00000000e0000000, 0x00000000eba80000, 0x0000000100000000)
  eden space 127488K, 0% used [0x00000000e0000000,0x00000000e0000000,0x00000000e7c80000)
  from space 16384K, 20% used [0x00000000e7c80000,0x00000000e7fd07f0,0x00000000e8c80000)
  to   space 16384K, 0% used [0x00000000eaa80000,0x00000000eaa80000,0x00000000eba80000)
 ParOldGen       total 57856K, used 45923K [0x00000000a0000000, 0x00000000a3880000, 0x00000000e0000000)
  object space 57856K, 79% used [0x00000000a0000000,0x00000000a2cd8dc8,0x00000000a3880000)
 Metaspace       used 57512K, capacity 59232K, committed 59360K, reserved 1099776K
  class space    used 7783K, capacity 8195K, committed 8268K, reserved 1048576K
}
Event: 19.950 GC heap before
{Heap before GC invocations=20 (full 3):
 PSYoungGen      total 143872K, used 3393K [0x00000000e0000000, 0x00000000eba80000, 0x0000000100000000)
  eden space 127488K, 0% used [0x00000000e0000000,0x00000000e0000000,0x00000000e7c80000)
  from space 16384K, 20% used [0x00000000e7c80000,0x00000000e7fd07f0,0x00000000e8c80000)
  to   space 16384K, 0% used [0x00000000eaa80000,0x00000000eaa80000,0x00000000eba80000)
 ParOldGen       total 57856K, used 45923K [0x00000000a0000000, 0x00000000a3880000, 0x00000000e0000000)
  object space 57856K, 79% used [0x00000000a0000000,0x00000000a2cd8dc8,0x00000000a3880000)
 Metaspace       used 57512K, capacity 59232K, committed 59360K, reserved 1099776K
  class space    used 7783K, capacity 8195K, committed 8268K, reserved 1048576K
Event: 20.254 GC heap after
Heap after GC invocations=20 (full 3):
 PSYoungGen      total 143872K, used 0K [0x00000000e0000000, 0x00000000eba80000, 0x0000000100000000)
  eden space 127488K, 0% used [0x00000000e0000000,0x00000000e0000000,0x00000000e7c80000)
  from space 16384K, 0% used [0x00000000e7c80000,0x00000000e7c80000,0x00000000e8c80000)
  to   space 16384K, 0% used [0x00000000eaa80000,0x00000000eaa80000,0x00000000eba80000)
 ParOldGen       total 100352K, used 41100K [0x00000000a0000000, 0x00000000a6200000, 0x00000000e0000000)
  object space 100352K, 40% used [0x00000000a0000000,0x00000000a2823200,0x00000000a6200000)
 Metaspace       used 57512K, capacity 59232K, committed 59360K, reserved 1099776K
  class space    used 7783K, capacity 8195K, committed 8268K, reserved 1048576K
}

